<?xml version="1.0" encoding="UTF-8"?>
<!-- Generated by org.testng.reporters.JUnitReportReporter -->
<testsuite skipped="0" hostname="Johnny.local" name="Test_Regression_TC.GNB" tests="1" failures="0" timestamp="2023-03-10T16:31:38 KST" time="9.497" errors="0">
  <testcase name="GNB" time="9.497" classname="Test_Regression_TC.GNB"/>
  <system-out/>
</testsuite> <!-- Test_Regression_TC.GNB -->
