<?xml version="1.0" encoding="UTF-8"?>
<!-- Generated by org.testng.reporters.JUnitReportReporter -->
<testsuite hostname="DESKTOP-F3B2TKP" failures="0" tests="3" name="Test.BaseScript" time="26.009" errors="0" timestamp="2023-02-26T23:20:17 KST" skipped="0">
  <testcase classname="Test.BaseScript" name="BaseScript" time="12.989"/>
  <system-out/>
  <testcase classname="Test.BaseScript" name="BaseScript2" time="6.557"/>
  <system-out/>
  <testcase classname="Test.BaseScript" name="BaseScript3" time="6.463"/>
  <system-out/>
</testsuite> <!-- Test.BaseScript -->
