<?xml version="1.0" encoding="UTF-8"?>
<!-- Generated by org.testng.reporters.JUnitReportReporter -->
<testsuite skipped="0" hostname="Johnny.local" name="Test.ElieClass3" tests="1" failures="0" timestamp="2023-02-22T10:35:12 KST" time="5.845" errors="0">
  <testcase name="ruru3" time="5.845" classname="Test.ElieClass3"/>
  <system-out/>
</testsuite> <!-- Test.ElieClass3 -->
