<?xml version="1.0" encoding="UTF-8"?>
<!-- Generated by org.testng.reporters.JUnitReportReporter -->
<testsuite hostname="DESKTOP-F3B2TKP" failures="0" tests="1" name="Script._2_MainScreen" time="2.002" errors="0" timestamp="2023-02-20T01:13:08 KST" skipped="0">
  <testcase classname="Script._2_MainScreen" name="EnterContractSetupStart" time="2.002"/>
  <system-out/>
</testsuite> <!-- Script._2_MainScreen -->
