<?xml version="1.0" encoding="UTF-8"?>
<!-- Generated by org.testng.reporters.JUnitReportReporter -->
<testsuite hostname="DESKTOP-F3B2TKP" failures="0" tests="1" name="Test.ElieClass" time="17.937" errors="0" timestamp="2023-02-22T02:29:50 KST" skipped="0">
  <testcase classname="Test.ElieClass" name="ruru" time="17.937"/>
  <system-out/>
</testsuite> <!-- Test.ElieClass -->
