<?xml version="1.0" encoding="UTF-8"?>
<!-- Generated by org.testng.reporters.JUnitReportReporter -->
<testsuite skipped="0" hostname="Johnny.local" name="Test_Regression_TC_Contract.NomarlAccount_NormalSign_Off_Case" tests="3" failures="0" timestamp="2023-03-09T17:19:12 KST" time="54.308" errors="0">
  <testcase name="NomarlAccount_NormalSign_Off_Case" time="17.489" classname="Test_Regression_TC_Contract.NomarlAccount_NormalSign_Off_Case"/>
  <system-out/>
  <testcase name="NomarlAccount_NormalSign_Off_Case_Signatory_1_" time="16.957" classname="Test_Regression_TC_Contract.NomarlAccount_NormalSign_Off_Case"/>
  <system-out/>
  <testcase name="NomarlAccount_NormalSign_Off_Case_Singatory_2_" time="19.862" classname="Test_Regression_TC_Contract.NomarlAccount_NormalSign_Off_Case"/>
  <system-out/>
</testsuite> <!-- Test_Regression_TC_Contract.NomarlAccount_NormalSign_Off_Case -->
