<?xml version="1.0" encoding="UTF-8"?>
<!-- Generated by org.testng.reporters.JUnitReportReporter -->
<testsuite hostname="DESKTOP-F3B2TKP" failures="0" tests="1" name="Test.BaseScript_3_CancelSign" time="20.122" errors="0" timestamp="2023-02-27T00:33:49 KST" skipped="0">
  <testcase classname="Test.BaseScript_3_CancelSign" name="BaseScript" time="20.122"/>
  <system-out/>
</testsuite> <!-- Test.BaseScript_3_CancelSign -->
