<?xml version="1.0" encoding="UTF-8"?>
<!-- Generated by org.testng.reporters.JUnitReportReporter -->
<testsuite hostname="DESKTOP-F3B2TKP" failures="0" tests="3" name="Test_Regression_TC_Contract.NomarlAccount_NormalSign_Off_Case" time="42.123" errors="0" timestamp="2023-03-02T18:50:18 KST" skipped="0">
  <testcase classname="Test_Regression_TC_Contract.NomarlAccount_NormalSign_Off_Case" name="NomarlAccount_NormalSign_Off_Case" time="15.042"/>
  <system-out/>
  <testcase classname="Test_Regression_TC_Contract.NomarlAccount_NormalSign_Off_Case" name="NomarlAccount_NormalSign_On_Case_Signatory_1_" time="13.343"/>
  <system-out/>
  <testcase classname="Test_Regression_TC_Contract.NomarlAccount_NormalSign_Off_Case" name="NomarlAccount_NormalSign_On_Case_Singatory_2_" time="13.738"/>
  <system-out/>
</testsuite> <!-- Test_Regression_TC_Contract.NomarlAccount_NormalSign_Off_Case -->
