<?xml version="1.0" encoding="UTF-8"?>
<!-- Generated by org.testng.reporters.JUnitReportReporter -->
<testsuite hostname="DESKTOP-F3B2TKP" failures="0" tests="1" name="Test_UnitTest_Pagemenu.Test_00_LoginPage" time="4.891" errors="0" timestamp="2023-03-05T14:15:37 KST" skipped="0">
  <testcase classname="Test_UnitTest_Pagemenu.Test_00_LoginPage" name="UnitTest_LoginPage" time="4.891"/>
  <system-out/>
</testsuite> <!-- Test_UnitTest_Pagemenu.Test_00_LoginPage -->
