<?xml version="1.0" encoding="UTF-8"?>
<!-- Generated by org.testng.reporters.JUnitReportReporter -->
<testsuite hostname="DESKTOP-F3B2TKP" failures="0" tests="2" name="Test_UnitTest.GNB" time="18.414" errors="0" timestamp="2023-03-05T11:50:12 KST" skipped="0">
  <testcase classname="Test_UnitTest.GNB" name="GNB" time="9.164"/>
  <system-out/>
  <testcase classname="Test_UnitTest.GNB" name="GNB" time="9.250"/>
  <system-out/>
</testsuite> <!-- Test_UnitTest.GNB -->
