<?xml version="1.0" encoding="UTF-8"?>
<!-- Generated by org.testng.reporters.JUnitReportReporter -->
<testsuite hostname="DESKTOP-F3B2TKP" failures="0" tests="3" name="Test_Regression_TC_Contract.NomarlAccount_NormalSign_On_Case" time="45.059" errors="0" timestamp="2023-03-02T18:50:18 KST" skipped="0">
  <testcase classname="Test_Regression_TC_Contract.NomarlAccount_NormalSign_On_Case" name="NomarlAccount_NormalSign_On_Case" time="15.940"/>
  <system-out/>
  <testcase classname="Test_Regression_TC_Contract.NomarlAccount_NormalSign_On_Case" name="NomarlAccount_NormalSign_On_Case_Singatory_1_" time="14.629"/>
  <system-out/>
  <testcase classname="Test_Regression_TC_Contract.NomarlAccount_NormalSign_On_Case" name="NomarlAccount_NormalSign_On_Case_Singatory_2_" time="14.490"/>
  <system-out/>
</testsuite> <!-- Test_Regression_TC_Contract.NomarlAccount_NormalSign_On_Case -->
