<?xml version="1.0" encoding="UTF-8"?>
<!-- Generated by org.testng.reporters.JUnitReportReporter -->
<testsuite hostname="DESKTOP-F3B2TKP" failures="0" tests="1" name="Test_UnitTest_Pagemenu.Test_09_SettingsPage" time="4.002" errors="0" timestamp="2023-03-05T14:21:44 KST" skipped="0">
  <testcase classname="Test_UnitTest_Pagemenu.Test_09_SettingsPage" name="UnitTest_SettingsPage" time="4.002"/>
  <system-out/>
</testsuite> <!-- Test_UnitTest_Pagemenu.Test_09_SettingsPage -->
