<?xml version="1.0" encoding="UTF-8"?>
<!-- Generated by org.testng.reporters.JUnitReportReporter -->
<testsuite hostname="DESKTOP-F3B2TKP" failures="0" tests="20" name="Test.modusign" time="13.566" errors="0" timestamp="2023-02-13T00:25:57 KST" skipped="0">
  <testcase classname="Test.modusign" name="Homepage" time="2.330"/>
  <system-out/>
  <testcase classname="Test.modusign" name="Login_email" time="0.109"/>
  <system-out/>
  <testcase classname="Test.modusign" name="Login_Password" time="0.084"/>
  <system-out/>
  <testcase classname="Test.modusign" name="Login_btn" time="0.052"/>
  <system-out/>
  <testcase classname="Test.modusign" name="ContractSetupStart_btn" time="1.210"/>
  <system-out/>
  <testcase classname="Test.modusign" name="CLOUD_DRIVE_btn" time="0.645"/>
  <system-out/>
  <testcase classname="Test.modusign" name="LOCAL_btn" time="0.050"/>
  <system-out/>
  <testcase classname="Test.modusign" name="SAMPLE_DOCUMENTS_btn" time="1.257"/>
  <system-out/>
  <testcase classname="Test.modusign" name="StepProgressBar_stepname1" time="1.188"/>
  <system-out/>
  <testcase classname="Test.modusign" name="StepProgressBar_stepname2" time="0.070"/>
  <system-out/>
  <testcase classname="Test.modusign" name="StepProgressBar_stepname3" time="0.131"/>
  <system-out/>
  <testcase classname="Test.modusign" name="StepProgressBar_stepname5" time="0.238"/>
  <system-out/>
  <testcase classname="Test.modusign" name="StepProgressBar_stepname6" time="0.093"/>
  <system-out/>
  <testcase classname="Test.modusign" name="StepProgressBar_stepname2_sign" time="2.253"/>
  <system-out/>
  <testcase classname="Test.modusign" name="StepProgressBar_stepname2_text" time="0.140"/>
  <system-out/>
  <testcase classname="Test.modusign" name="StepProgressBar_stepname2_checkbox" time="0.130"/>
  <system-out/>
  <testcase classname="Test.modusign" name="StepProgressBar_stepname2_next_btn" time="0.656"/>
  <system-out/>
  <testcase classname="Test.modusign" name="StepProgressBar_stepname3_nameeidt_btn" time="0.054"/>
  <system-out/>
  <testcase classname="Test.modusign" name="StepProgressBar_stepname3_nameeidt_input" time="0.071"/>
  <system-out/>
  <testcase classname="Test.modusign" name="StepProgressBar_stepname3_nameedidt_done" time="2.805"/>
  <system-out/>
</testsuite> <!-- Test.modusign -->
