<?xml version="1.0" encoding="UTF-8"?>
<!-- Generated by org.testng.reporters.JUnitReportReporter -->
<testsuite hostname="DESKTOP-F3B2TKP" failures="0" tests="1" name="Test.Testclass" time="12.457" errors="0" timestamp="2023-02-26T18:54:40 KST" skipped="0">
  <testcase classname="Test.Testclass" name="EnterContractSetupStart" time="12.457"/>
  <system-out/>
</testsuite> <!-- Test.Testclass -->
