<?xml version="1.0" encoding="UTF-8"?>
<!-- Generated by org.testng.reporters.JUnitReportReporter -->
<testsuite skipped="0" hostname="Johnny.local" name="Test_Regression_TC_Contract.NomarlAccount_NormalSign_On_Case" tests="3" failures="0" timestamp="2023-03-03T16:46:52 KST" time="63.054" errors="0">
  <testcase name="NomarlAccount_NormalSign_On_Case" time="24.206" classname="Test_Regression_TC_Contract.NomarlAccount_NormalSign_On_Case"/>
  <system-out/>
  <testcase name="NomarlAccount_NormalSign_On_Case_Singatory_1_" time="21.356" classname="Test_Regression_TC_Contract.NomarlAccount_NormalSign_On_Case"/>
  <system-out/>
  <testcase name="NomarlAccount_NormalSign_On_Case_Singatory_2_" time="17.492" classname="Test_Regression_TC_Contract.NomarlAccount_NormalSign_On_Case"/>
  <system-out/>
</testsuite> <!-- Test_Regression_TC_Contract.NomarlAccount_NormalSign_On_Case -->
