<?xml version="1.0" encoding="UTF-8"?>
<!-- Generated by org.testng.reporters.JUnitReportReporter -->
<testsuite hostname="DESKTOP-H9VDVB7" failures="0" tests="2" name="PAS_automation.PAS" time="4.248" errors="0" timestamp="2023-01-13T10:50:07 KST" skipped="0">
  <testcase classname="PAS_automation.PAS" name="qwdqwd1" time="1.947"/>
  <system-out/>
  <testcase classname="PAS_automation.PAS" name="qwdqwd" time="2.301"/>
  <system-out/>
</testsuite> <!-- PAS_automation.PAS -->
