<?xml version="1.0" encoding="UTF-8"?>
<!-- Generated by org.testng.reporters.JUnitReportReporter -->
<testsuite skipped="0" hostname="Johnny.local" name="Test_Regression_TC_Contract.NomarlAccount_NormalSign_On_Case2" tests="3" failures="0" timestamp="2023-03-07T10:29:08 KST" time="57.922" errors="0">
  <testcase name="NomarlAccount_NormalSign_On_Case" time="20.160" classname="Test_Regression_TC_Contract.NomarlAccount_NormalSign_On_Case2"/>
  <system-out/>
  <testcase name="NomarlAccount_NormalSign_On_Case_Singatory_1_" time="19.848" classname="Test_Regression_TC_Contract.NomarlAccount_NormalSign_On_Case2"/>
  <system-out/>
  <testcase name="NomarlAccount_NormalSign_On_Case_Singatory_2_" time="17.914" classname="Test_Regression_TC_Contract.NomarlAccount_NormalSign_On_Case2"/>
  <system-out/>
</testsuite> <!-- Test_Regression_TC_Contract.NomarlAccount_NormalSign_On_Case2 -->
