<?xml version="1.0" encoding="UTF-8"?>
<!-- Generated by org.testng.reporters.JUnitReportReporter -->
<testsuite hostname="DESKTOP-F3B2TKP" failures="0" tests="5" name="Modusign_automation.modusign" time="5.883" errors="0" timestamp="2023-02-12T19:29:50 KST" skipped="0">
  <testcase classname="Modusign_automation.modusign" name="Dashboard" time="2.705"/>
  <system-out/>
  <testcase classname="Modusign_automation.modusign" name="Login_email" time="0.716"/>
  <system-out/>
  <testcase classname="Modusign_automation.modusign" name="Login_Password" time="0.597"/>
  <system-out/>
  <testcase classname="Modusign_automation.modusign" name="Login_btn" time="1.261"/>
  <system-out/>
  <testcase classname="Modusign_automation.modusign" name="ContractSetupStart_btn" time="0.604"/>
  <system-out/>
</testsuite> <!-- Modusign_automation.modusign -->
