<?xml version="1.0" encoding="UTF-8"?>
<!-- Generated by org.testng.reporters.JUnitReportReporter -->
<testsuite skipped="0" hostname="Johnny.local" name="Test_Regression_TC_Contract.NomarlAccount_NormalSign_On_Case" tests="3" failures="0" timestamp="2023-03-09T17:19:12 KST" time="59.638" errors="0">
  <testcase name="NomarlAccount_NormalSign_On_Case" time="19.539" classname="Test_Regression_TC_Contract.NomarlAccount_NormalSign_On_Case"/>
  <system-out/>
  <testcase name="NomarlAccount_NormalSign_On_Case_Singatory_1_" time="21.593" classname="Test_Regression_TC_Contract.NomarlAccount_NormalSign_On_Case"/>
  <system-out/>
  <testcase name="NomarlAccount_NormalSign_On_Case_Singatory_2_" time="18.506" classname="Test_Regression_TC_Contract.NomarlAccount_NormalSign_On_Case"/>
  <system-out/>
</testsuite> <!-- Test_Regression_TC_Contract.NomarlAccount_NormalSign_On_Case -->
