<?xml version="1.0" encoding="UTF-8"?>
<!-- Generated by org.testng.reporters.JUnitReportReporter -->
<testsuite skipped="0" hostname="Johnny.local" name="Test_Regression_TC_Contract.NomarlAccount_NormalSign_Off_Case" tests="3" failures="0" timestamp="2023-03-03T16:46:52 KST" time="59.796" errors="0">
  <testcase name="NomarlAccount_NormalSign_Off_Case" time="20.102" classname="Test_Regression_TC_Contract.NomarlAccount_NormalSign_Off_Case"/>
  <system-out/>
  <testcase name="NomarlAccount_NormalSign_On_Case_Signatory_1_" time="19.682" classname="Test_Regression_TC_Contract.NomarlAccount_NormalSign_Off_Case"/>
  <system-out/>
  <testcase name="NomarlAccount_NormalSign_On_Case_Singatory_2_" time="20.012" classname="Test_Regression_TC_Contract.NomarlAccount_NormalSign_Off_Case"/>
  <system-out/>
</testsuite> <!-- Test_Regression_TC_Contract.NomarlAccount_NormalSign_Off_Case -->
