<?xml version="1.0" encoding="UTF-8"?>
<!-- Generated by org.testng.reporters.JUnitReportReporter -->
<testsuite hostname="DESKTOP-F3B2TKP" failures="0" tests="2" name="Test._1_modusign2" time="2.535" errors="0" timestamp="2023-02-14T00:19:11 KST" skipped="0">
  <testcase classname="Test._1_modusign2" name="Homepage" time="2.376"/>
  <system-out/>
  <testcase classname="Test._1_modusign2" name="login" time="0.159"/>
  <system-out/>
</testsuite> <!-- Test._1_modusign2 -->
