<?xml version="1.0" encoding="UTF-8"?>
<!-- Generated by org.testng.reporters.JUnitReportReporter -->
<testsuite hostname="DESKTOP-F3B2TKP" failures="0" tests="1" name="Test.GNB_Test" time="11.406" errors="0" timestamp="2023-02-26T19:55:57 KST" skipped="0">
  <testcase classname="Test.GNB_Test" name="GNB" time="11.406"/>
  <system-out/>
</testsuite> <!-- Test.GNB_Test -->
