<?xml version="1.0" encoding="UTF-8"?>
<!-- Generated by org.testng.reporters.JUnitReportReporter -->
<testsuite hostname="DESKTOP-F3B2TKP" failures="0" tests="1" name="Test.ElieClass2" time="3.978" errors="0" timestamp="2023-02-22T02:29:50 KST" skipped="0">
  <testcase classname="Test.ElieClass2" name="ruru2" time="3.978"/>
  <system-out/>
</testsuite> <!-- Test.ElieClass2 -->
