<?xml version="1.0" encoding="UTF-8"?>
<!-- Generated by org.testng.reporters.JUnitReportReporter -->
<testsuite hostname="DESKTOP-F3B2TKP" failures="0" tests="1" name="Script._3_Contract" time="9.739" errors="0" timestamp="2023-02-20T01:04:13 KST" skipped="0">
  <testcase classname="Script._3_Contract" name="Contract" time="9.739"/>
  <system-out/>
</testsuite> <!-- Script._3_Contract -->
