<?xml version="1.0" encoding="UTF-8"?>
<!-- Generated by org.testng.reporters.JUnitReportReporter -->
<testsuite skipped="0" hostname="Johnny.local" name="Test.ElieClass" tests="1" failures="0" timestamp="2023-02-22T10:35:12 KST" time="19.295" errors="0">
  <testcase name="ruru" time="19.295" classname="Test.ElieClass"/>
  <system-out/>
</testsuite> <!-- Test.ElieClass -->
