<?xml version="1.0" encoding="UTF-8"?>
<!-- Generated by org.testng.reporters.JUnitReportReporter -->
<testsuite hostname="DESKTOP-F3B2TKP" failures="0" tests="1" name="Test.ElieClass2" time="11.829" errors="0" timestamp="2023-02-24T10:45:06 KST" skipped="0">
  <testcase classname="Test.ElieClass2" name="ruru2" time="11.829"/>
  <system-out/>
</testsuite> <!-- Test.ElieClass2 -->
