<?xml version="1.0" encoding="UTF-8"?>
<!-- Generated by org.testng.reporters.JUnitReportReporter -->
<testsuite hostname="DESKTOP-F3B2TKP" failures="0" tests="1" name="Script._3_ContractSetupStartModalPopup" time="7.681" errors="0" timestamp="2023-02-17T01:31:49 KST" skipped="0">
  <testcase classname="Script._3_ContractSetupStartModalPopup" name="rdr3" time="7.681"/>
  <system-out/>
</testsuite> <!-- Script._3_ContractSetupStartModalPopup -->
