<?xml version="1.0" encoding="UTF-8"?>
<!-- Generated by org.testng.reporters.JUnitReportReporter -->
<testsuite hostname="DESKTOP-F3B2TKP" failures="0" tests="1" name="Script._1_Login" time="1.075" errors="0" timestamp="2023-02-20T01:04:13 KST" skipped="0">
  <testcase classname="Script._1_Login" name="login" time="1.075"/>
  <system-out/>
</testsuite> <!-- Script._1_Login -->
