<?xml version="1.0" encoding="UTF-8"?>
<!-- Generated by org.testng.reporters.JUnitReportReporter -->
<testsuite hostname="DESKTOP-F3B2TKP" failures="0" tests="2" name="Test_UnitTest.LoginPage" time="3.206" errors="0" timestamp="2023-03-05T12:58:07 KST" skipped="0">
  <testcase classname="Test_UnitTest.LoginPage" name="UnitTest_LoginPage" time="1.576"/>
  <system-out/>
  <testcase classname="Test_UnitTest.LoginPage" name="UnitTest_LoginPage" time="1.630"/>
  <system-out/>
</testsuite> <!-- Test_UnitTest.LoginPage -->
