<?xml version="1.0" encoding="UTF-8"?>
<!-- Generated by org.testng.reporters.JUnitReportReporter -->
<testsuite skipped="0" hostname="Johnny.local" name="Test.ElieClass3" tests="1" failures="0" timestamp="2023-02-23T17:36:04 KST" time="6.104" errors="0">
  <testcase name="ruru3" time="6.104" classname="Test.ElieClass3"/>
  <system-out/>
</testsuite> <!-- Test.ElieClass3 -->
