<?xml version="1.0" encoding="UTF-8"?>
<!-- Generated by org.testng.reporters.JUnitReportReporter -->
<testsuite hostname="DESKTOP-F3B2TKP" failures="0" tests="2" name="Test_Regression_TC.GNB" time="17.361" errors="0" timestamp="2023-03-04T23:37:30 KST" skipped="0">
  <testcase classname="Test_Regression_TC.GNB" name="GNB" time="8.635"/>
  <system-out/>
  <testcase classname="Test_Regression_TC.GNB" name="GNB" time="8.726"/>
  <system-out/>
</testsuite> <!-- Test_Regression_TC.GNB -->
