<?xml version="1.0" encoding="UTF-8"?>
<!-- Generated by org.testng.reporters.JUnitReportReporter -->
<testsuite hostname="DESKTOP-F3B2TKP" failures="0" tests="1" name="Test.BaseScript_3_" time="16.176" errors="0" timestamp="2023-02-27T00:12:55 KST" skipped="0">
  <testcase classname="Test.BaseScript_3_" name="BaseScript" time="16.176"/>
  <system-out/>
</testsuite> <!-- Test.BaseScript_3_ -->
