<?xml version="1.0" encoding="UTF-8"?>
<!-- Generated by org.testng.reporters.JUnitReportReporter -->
<testsuite hostname="DESKTOP-F3B2TKP" failures="0" tests="1" name="Test.ElieClass3" time="7.562" errors="0" timestamp="2023-02-24T00:03:56 KST" skipped="0">
  <testcase classname="Test.ElieClass3" name="ruru3" time="7.562"/>
  <system-out/>
</testsuite> <!-- Test.ElieClass3 -->
