<?xml version="1.0" encoding="UTF-8"?>
<!-- Generated by org.testng.reporters.JUnitReportReporter -->
<testsuite skipped="0" hostname="Johnny.local" name="Script._1_modusign_POM" tests="2" failures="0" timestamp="2023-02-14T09:40:49 KST" time="2.746" errors="0">
  <testcase name="Homepage" time="2.443" classname="Script._1_modusign_POM"/>
  <system-out/>
  <testcase name="login" time="0.303" classname="Script._1_modusign_POM"/>
  <system-out/>
</testsuite> <!-- Script._1_modusign_POM -->
