<?xml version="1.0" encoding="UTF-8"?>
<!-- Generated by org.testng.reporters.JUnitReportReporter -->
<testsuite skipped="0" hostname="Johnny.local" name="Test_Regression_TC.GNB" tests="1" failures="0" timestamp="2023-03-06T13:21:51 KST" time="17.724" errors="0">
  <testcase name="GNB" time="17.724" classname="Test_Regression_TC.GNB"/>
  <system-out/>
</testsuite> <!-- Test_Regression_TC.GNB -->
