<?xml version="1.0" encoding="UTF-8"?>
<!-- Generated by org.testng.reporters.JUnitReportReporter -->
<testsuite skipped="0" hostname="Johnny.local" name="Test.ElieClass2" tests="1" failures="0" timestamp="2023-02-22T10:35:12 KST" time="7.433" errors="0">
  <testcase name="ruru2" time="7.433" classname="Test.ElieClass2"/>
  <system-out/>
</testsuite> <!-- Test.ElieClass2 -->
