<?xml version="1.0" encoding="UTF-8"?>
<!-- Generated by org.testng.reporters.JUnitReportReporter -->
<testsuite hostname="DESKTOP-F3B2TKP" failures="0" tests="2" name="Test._1_modusign_POM" time="2.782" errors="0" timestamp="2023-02-14T00:50:53 KST" skipped="0">
  <testcase classname="Test._1_modusign_POM" name="Homepage" time="2.625"/>
  <system-out/>
  <testcase classname="Test._1_modusign_POM" name="login" time="0.157"/>
  <system-out/>
</testsuite> <!-- Test._1_modusign_POM -->
